<?xml version="1.0" encoding="UTF-8"?>
<!-- Generated by org.testng.reporters.JUnitReportReporter -->
<testsuite hostname="DESKTOP-DIMGNTL" failures="0" tests="8" name="tests.JuiceShopTest" time="3.112" errors="1" timestamp="2022-09-17T21:21:45 EDT" skipped="7">
  <testcase classname="tests.JuiceShopTest" name="SelectProducts" time="3.111">
    <error message="Expected condition failed: waiting for visibility of all elements located by By.xpath: //div[contains(text(),&#039;Apple Juice&#039;)]/ancestor::div[contains(@aria-label,&#039;Click&#039;)]/following-sibling::div//span[text()=&#039;Add to Basket&#039;] (tried for 3 second(s) with 500 milliseconds interval)
Build info: version: &#039;4.4.0&#039;, revision: &#039;e5c75ed026a&#039;
System info: host: &#039;DESKTOP-DIMGNTL&#039;, ip: &#039;10.53.192.85&#039;, os.name: &#039;Windows 10&#039;, os.arch: &#039;amd64&#039;, os.version: &#039;10.0&#039;, java.version: &#039;18.0.1&#039;
Driver info: org.openqa.selenium.chrome.ChromeDriver
Capabilities {acceptInsecureCerts: false, browserName: chrome, browserVersion: 105.0.5195.102, chrome: {chromedriverVersion: 104.0.5112.79 (3cf3e8c8a07d..., userDataDir: D:\Users\ppai2114\AppData\L...}, goog:chromeOptions: {debuggerAddress: localhost:62248}, networkConnectionEnabled: false, pageLoadStrategy: normal, platformName: WINDOWS, proxy: Proxy(), se:cdp: ws://localhost:62248/devtoo..., se:cdpVersion: 105.0.5195.102, setWindowRect: true, strictFileInteractability: false, timeouts: {implicit: 0, pageLoad: 300000, script: 30000}, unhandledPromptBehavior: dismiss and notify, webauthn:extension:credBlob: true, webauthn:extension:largeBlob: true, webauthn:virtualAuthenticators: true}
Session ID: d56b04611fd9ec0ed6132e7ca06c6ee4" type="org.openqa.selenium.TimeoutException">
      <![CDATA[org.openqa.selenium.TimeoutException: Expected condition failed: waiting for visibility of all elements located by By.xpath: //div[contains(text(),'Apple Juice')]/ancestor::div[contains(@aria-label,'Click')]/following-sibling::div//span[text()='Add to Basket'] (tried for 3 second(s) with 500 milliseconds interval)
Build info: version: '4.4.0', revision: 'e5c75ed026a'
System info: host: 'DESKTOP-DIMGNTL', ip: '10.53.192.85', os.name: 'Windows 10', os.arch: 'amd64', os.version: '10.0', java.version: '18.0.1'
Driver info: org.openqa.selenium.chrome.ChromeDriver
Capabilities {acceptInsecureCerts: false, browserName: chrome, browserVersion: 105.0.5195.102, chrome: {chromedriverVersion: 104.0.5112.79 (3cf3e8c8a07d..., userDataDir: D:\Users\ppai2114\AppData\L...}, goog:chromeOptions: {debuggerAddress: localhost:62248}, networkConnectionEnabled: false, pageLoadStrategy: normal, platformName: WINDOWS, proxy: Proxy(), se:cdp: ws://localhost:62248/devtoo..., se:cdpVersion: 105.0.5195.102, setWindowRect: true, strictFileInteractability: false, timeouts: {implicit: 0, pageLoad: 300000, script: 30000}, unhandledPromptBehavior: dismiss and notify, webauthn:extension:credBlob: true, webauthn:extension:largeBlob: true, webauthn:virtualAuthenticators: true}
Session ID: d56b04611fd9ec0ed6132e7ca06c6ee4
at org.openqa.selenium.support.ui.WebDriverWait.timeoutException(WebDriverWait.java:87)
at org.openqa.selenium.support.ui.FluentWait.until(FluentWait.java:231)
at pages.HomePage.AddProductToBasket(HomePage.java:125)
at pages.HomePage.AddProductsPerPage(HomePage.java:112)
at pages.HomePage.SelectProducts(HomePage.java:83)
at tests.JuiceShopTest.SelectProducts(JuiceShopTest.java:61)
at java.base/jdk.internal.reflect.DirectMethodHandleAccessor.invoke(DirectMethodHandleAccessor.java:104)
at java.base/java.lang.reflect.Method.invoke(Method.java:577)
at org.testng.internal.invokers.MethodInvocationHelper.invokeMethod(MethodInvocationHelper.java:139)
at org.testng.internal.invokers.TestInvoker.invokeMethod(TestInvoker.java:677)
at org.testng.internal.invokers.TestInvoker.invokeTestMethod(TestInvoker.java:221)
at org.testng.internal.invokers.MethodRunner.runInSequence(MethodRunner.java:50)
at org.testng.internal.invokers.TestInvoker$MethodInvocationAgent.invoke(TestInvoker.java:962)
at org.testng.internal.invokers.TestInvoker.invokeTestMethods(TestInvoker.java:194)
at org.testng.internal.invokers.TestMethodWorker.invokeTestMethods(TestMethodWorker.java:148)
at org.testng.internal.invokers.TestMethodWorker.run(TestMethodWorker.java:128)
at java.base/java.util.ArrayList.forEach(ArrayList.java:1511)
at org.testng.TestRunner.privateRun(TestRunner.java:806)
at org.testng.TestRunner.run(TestRunner.java:601)
at org.testng.SuiteRunner.runTest(SuiteRunner.java:433)
at org.testng.SuiteRunner.runSequentially(SuiteRunner.java:427)
at org.testng.SuiteRunner.privateRun(SuiteRunner.java:387)
at org.testng.SuiteRunner.run(SuiteRunner.java:330)
at org.testng.SuiteRunnerWorker.runSuite(SuiteRunnerWorker.java:52)
at org.testng.SuiteRunnerWorker.run(SuiteRunnerWorker.java:95)
at org.testng.TestNG.runSuitesSequentially(TestNG.java:1256)
at org.testng.TestNG.runSuitesLocally(TestNG.java:1176)
at org.testng.TestNG.runSuites(TestNG.java:1099)
at org.testng.TestNG.run(TestNG.java:1067)
at org.testng.remote.AbstractRemoteTestNG.run(AbstractRemoteTestNG.java:115)
at org.testng.remote.RemoteTestNG.initAndRun(RemoteTestNG.java:251)
at org.testng.remote.RemoteTestNG.main(RemoteTestNG.java:77)
]]>
    </error>
  </testcase> <!-- SelectProducts -->
  <system-out/>
  <testcase classname="tests.JuiceShopTest" name="ViewOrderHistory" time="0.000">
    <skipped/>
  </testcase> <!-- ViewOrderHistory -->
  <system-out/>
  <testcase classname="tests.JuiceShopTest" name="GoToBasketPageIncreaseProductCount" time="0.000">
    <skipped/>
  </testcase> <!-- GoToBasketPageIncreaseProductCount -->
  <system-out/>
  <testcase classname="tests.JuiceShopTest" name="ChooseDeliveryMethod" time="0.000">
    <skipped/>
  </testcase> <!-- ChooseDeliveryMethod -->
  <system-out/>
  <testcase classname="tests.JuiceShopTest" name="CheckoutUpdateAddress" time="0.000">
    <skipped/>
  </testcase> <!-- CheckoutUpdateAddress -->
  <system-out/>
  <testcase classname="tests.JuiceShopTest" name="PlaceOrderCheckOut" time="0.000">
    <skipped/>
  </testcase> <!-- PlaceOrderCheckOut -->
  <system-out/>
  <testcase classname="tests.JuiceShopTest" name="AddNewCard" time="0.001">
    <skipped/>
  </testcase> <!-- AddNewCard -->
  <system-out/>
  <testcase classname="tests.JuiceShopTest" name="Logout" time="0.000">
    <skipped/>
  </testcase> <!-- Logout -->
  <system-out/>
</testsuite> <!-- tests.JuiceShopTest -->
